{"D:\\Education\\QA\\My Academia\\backend\\server.js": {"path":"D:\\Education\\QA\\My Academia\\backend\\server.js","statementMap":{"0":{"start":{"line":1,"column":16},"end":{"line":1,"column":34}},"1":{"start":{"line":2,"column":17},"end":{"line":2,"column":36}},"2":{"start":{"line":3,"column":19},"end":{"line":3,"column":41}},"3":{"start":{"line":4,"column":13},"end":{"line":4,"column":28}},"4":{"start":{"line":5,"column":13},"end":{"line":5,"column":37}},"5":{"start":{"line":6,"column":20},"end":{"line":6,"column":86}},"6":{"start":{"line":7,"column":0},"end":{"line":7,"column":27}},"7":{"start":{"line":9,"column":12},"end":{"line":9,"column":21}},"8":{"start":{"line":12,"column":0},"end":{"line":12,"column":27}},"9":{"start":{"line":13,"column":0},"end":{"line":13,"column":16}},"10":{"start":{"line":16,"column":0},"end":{"line":16,"column":53}},"11":{"start":{"line":17,"column":0},"end":{"line":17,"column":58}},"12":{"start":{"line":20,"column":0},"end":{"line":22,"column":3}},"13":{"start":{"line":21,"column":2},"end":{"line":21,"column":59}},"14":{"start":{"line":25,"column":0},"end":{"line":25,"column":21}},"15":{"start":{"line":28,"column":0},"end":{"line":40,"column":1}},"16":{"start":{"line":29,"column":15},"end":{"line":29,"column":39}},"17":{"start":{"line":31,"column":2},"end":{"line":39,"column":63}},"18":{"start":{"line":36,"column":4},"end":{"line":36,"column":37}},"19":{"start":{"line":37,"column":4},"end":{"line":37,"column":74}},"20":{"start":{"line":37,"column":27},"end":{"line":37,"column":72}},"21":{"start":{"line":39,"column":16},"end":{"line":39,"column":61}}},"fnMap":{"0":{"name":"(anonymous_0)","decl":{"start":{"line":20,"column":23},"end":{"line":20,"column":24}},"loc":{"start":{"line":20,"column":37},"end":{"line":22,"column":1}},"line":20},"1":{"name":"(anonymous_1)","decl":{"start":{"line":35,"column":8},"end":{"line":35,"column":9}},"loc":{"start":{"line":35,"column":14},"end":{"line":38,"column":3}},"line":35},"2":{"name":"(anonymous_2)","decl":{"start":{"line":37,"column":21},"end":{"line":37,"column":22}},"loc":{"start":{"line":37,"column":27},"end":{"line":37,"column":72}},"line":37},"3":{"name":"(anonymous_3)","decl":{"start":{"line":39,"column":9},"end":{"line":39,"column":10}},"loc":{"start":{"line":39,"column":16},"end":{"line":39,"column":61}},"line":39}},"branchMap":{"0":{"loc":{"start":{"line":5,"column":13},"end":{"line":5,"column":37}},"type":"binary-expr","locations":[{"start":{"line":5,"column":13},"end":{"line":5,"column":29}},{"start":{"line":5,"column":33},"end":{"line":5,"column":37}}],"line":5},"1":{"loc":{"start":{"line":6,"column":20},"end":{"line":6,"column":86}},"type":"binary-expr","locations":[{"start":{"line":6,"column":20},"end":{"line":6,"column":43}},{"start":{"line":6,"column":47},"end":{"line":6,"column":86}}],"line":6},"2":{"loc":{"start":{"line":28,"column":0},"end":{"line":40,"column":1}},"type":"if","locations":[{"start":{"line":28,"column":0},"end":{"line":40,"column":1}},{"start":{},"end":{}}],"line":28},"3":{"loc":{"start":{"line":29,"column":15},"end":{"line":29,"column":39}},"type":"binary-expr","locations":[{"start":{"line":29,"column":15},"end":{"line":29,"column":31}},{"start":{"line":29,"column":35},"end":{"line":29,"column":39}}],"line":29},"4":{"loc":{"start":{"line":31,"column":19},"end":{"line":31,"column":85}},"type":"binary-expr","locations":[{"start":{"line":31,"column":19},"end":{"line":31,"column":42}},{"start":{"line":31,"column":46},"end":{"line":31,"column":85}}],"line":31}},"s":{"0":4,"1":4,"2":4,"3":4,"4":4,"5":4,"6":4,"7":4,"8":4,"9":4,"10":4,"11":4,"12":4,"13":0,"14":4,"15":4,"16":0,"17":0,"18":0,"19":0,"20":0,"21":0},"f":{"0":0,"1":0,"2":0,"3":0},"b":{"0":[4,4],"1":[4,4],"2":[0,4],"3":[0,0],"4":[0,0]},"_coverageSchema":"1a1c01bbd47fc00a2c39e90264f33305004495a9","hash":"a18ba83f73862daed849295441d60a9c5485c6dd"}
,"D:\\Education\\QA\\My Academia\\backend\\controllers\\authController.js": {"path":"D:\\Education\\QA\\My Academia\\backend\\controllers\\authController.js","statementMap":{"0":{"start":{"line":1,"column":13},"end":{"line":1,"column":38}},"1":{"start":{"line":2,"column":12},"end":{"line":2,"column":35}},"2":{"start":{"line":5,"column":0},"end":{"line":42,"column":2}},"3":{"start":{"line":6,"column":53},"end":{"line":6,"column":61}},"4":{"start":{"line":8,"column":2},"end":{"line":41,"column":3}},"5":{"start":{"line":9,"column":25},"end":{"line":9,"column":67}},"6":{"start":{"line":10,"column":4},"end":{"line":12,"column":5}},"7":{"start":{"line":11,"column":6},"end":{"line":11,"column":85}},"8":{"start":{"line":14,"column":17},"end":{"line":14,"column":69}},"9":{"start":{"line":15,"column":4},"end":{"line":15,"column":22}},"10":{"start":{"line":18,"column":18},"end":{"line":27,"column":5}},"11":{"start":{"line":29,"column":4},"end":{"line":36,"column":7}},"12":{"start":{"line":39,"column":4},"end":{"line":39,"column":48}},"13":{"start":{"line":40,"column":4},"end":{"line":40,"column":62}},"14":{"start":{"line":45,"column":0},"end":{"line":84,"column":2}},"15":{"start":{"line":46,"column":43},"end":{"line":46,"column":51}},"16":{"start":{"line":48,"column":2},"end":{"line":83,"column":3}},"17":{"start":{"line":49,"column":17},"end":{"line":49,"column":59}},"18":{"start":{"line":50,"column":4},"end":{"line":52,"column":5}},"19":{"start":{"line":51,"column":6},"end":{"line":51,"column":70}},"20":{"start":{"line":54,"column":20},"end":{"line":54,"column":56}},"21":{"start":{"line":55,"column":4},"end":{"line":57,"column":5}},"22":{"start":{"line":56,"column":6},"end":{"line":56,"column":70}},"23":{"start":{"line":60,"column":18},"end":{"line":69,"column":5}},"24":{"start":{"line":71,"column":4},"end":{"line":78,"column":7}},"25":{"start":{"line":81,"column":4},"end":{"line":81,"column":41}},"26":{"start":{"line":82,"column":4},"end":{"line":82,"column":62}},"27":{"start":{"line":87,"column":0},"end":{"line":101,"column":2}},"28":{"start":{"line":88,"column":2},"end":{"line":100,"column":3}},"29":{"start":{"line":90,"column":4},"end":{"line":95,"column":7}},"30":{"start":{"line":98,"column":4},"end":{"line":98,"column":52}},"31":{"start":{"line":99,"column":4},"end":{"line":99,"column":62}}},"fnMap":{"0":{"name":"(anonymous_0)","decl":{"start":{"line":5,"column":19},"end":{"line":5,"column":20}},"loc":{"start":{"line":5,"column":39},"end":{"line":42,"column":1}},"line":5},"1":{"name":"(anonymous_1)","decl":{"start":{"line":45,"column":16},"end":{"line":45,"column":17}},"loc":{"start":{"line":45,"column":36},"end":{"line":84,"column":1}},"line":45},"2":{"name":"(anonymous_2)","decl":{"start":{"line":87,"column":25},"end":{"line":87,"column":26}},"loc":{"start":{"line":87,"column":45},"end":{"line":101,"column":1}},"line":87}},"branchMap":{"0":{"loc":{"start":{"line":10,"column":4},"end":{"line":12,"column":5}},"type":"if","locations":[{"start":{"line":10,"column":4},"end":{"line":12,"column":5}},{"start":{},"end":{}}],"line":10},"1":{"loc":{"start":{"line":50,"column":4},"end":{"line":52,"column":5}},"type":"if","locations":[{"start":{"line":50,"column":4},"end":{"line":52,"column":5}},{"start":{},"end":{}}],"line":50},"2":{"loc":{"start":{"line":55,"column":4},"end":{"line":57,"column":5}},"type":"if","locations":[{"start":{"line":55,"column":4},"end":{"line":57,"column":5}},{"start":{},"end":{}}],"line":55}},"s":{"0":4,"1":4,"2":4,"3":5,"4":5,"5":5,"6":5,"7":1,"8":4,"9":4,"10":4,"11":4,"12":0,"13":0,"14":4,"15":2,"16":2,"17":2,"18":2,"19":1,"20":1,"21":1,"22":0,"23":1,"24":1,"25":0,"26":0,"27":4,"28":0,"29":0,"30":0,"31":0},"f":{"0":5,"1":2,"2":0},"b":{"0":[1,4],"1":[1,1],"2":[0,1]},"_coverageSchema":"1a1c01bbd47fc00a2c39e90264f33305004495a9","hash":"8671487569679620de1693ca6f0bb3a0a3840ee9"}
,"D:\\Education\\QA\\My Academia\\backend\\controllers\\moduleController.js": {"path":"D:\\Education\\QA\\My Academia\\backend\\controllers\\moduleController.js","statementMap":{"0":{"start":{"line":1,"column":15},"end":{"line":1,"column":42}},"1":{"start":{"line":3,"column":0},"end":{"line":61,"column":2}},"2":{"start":{"line":4,"column":2},"end":{"line":60,"column":3}},"3":{"start":{"line":5,"column":68},"end":{"line":5,"column":76}},"4":{"start":{"line":8,"column":4},"end":{"line":12,"column":5}},"5":{"start":{"line":9,"column":6},"end":{"line":11,"column":9}},"6":{"start":{"line":15,"column":27},"end":{"line":18,"column":6}},"7":{"start":{"line":20,"column":4},"end":{"line":24,"column":5}},"8":{"start":{"line":21,"column":6},"end":{"line":23,"column":9}},"9":{"start":{"line":27,"column":19},"end":{"line":33,"column":6}},"10":{"start":{"line":35,"column":4},"end":{"line":35,"column":24}},"11":{"start":{"line":36,"column":4},"end":{"line":36,"column":33}},"12":{"start":{"line":38,"column":4},"end":{"line":38,"column":51}},"13":{"start":{"line":41,"column":4},"end":{"line":47,"column":5}},"14":{"start":{"line":42,"column":21},"end":{"line":42,"column":72}},"15":{"start":{"line":42,"column":60},"end":{"line":42,"column":71}},"16":{"start":{"line":43,"column":6},"end":{"line":46,"column":9}},"17":{"start":{"line":50,"column":4},"end":{"line":54,"column":5}},"18":{"start":{"line":51,"column":6},"end":{"line":53,"column":9}},"19":{"start":{"line":56,"column":4},"end":{"line":59,"column":7}},"20":{"start":{"line":63,"column":0},"end":{"line":74,"column":2}},"21":{"start":{"line":64,"column":2},"end":{"line":73,"column":3}},"22":{"start":{"line":65,"column":20},"end":{"line":65,"column":61}},"23":{"start":{"line":66,"column":4},"end":{"line":66,"column":22}},"24":{"start":{"line":68,"column":4},"end":{"line":68,"column":47}},"25":{"start":{"line":69,"column":4},"end":{"line":72,"column":7}},"26":{"start":{"line":78,"column":0},"end":{"line":94,"column":2}},"27":{"start":{"line":79,"column":2},"end":{"line":93,"column":3}},"28":{"start":{"line":80,"column":19},"end":{"line":83,"column":6}},"29":{"start":{"line":85,"column":4},"end":{"line":87,"column":5}},"30":{"start":{"line":86,"column":6},"end":{"line":86,"column":67}},"31":{"start":{"line":89,"column":4},"end":{"line":89,"column":21}},"32":{"start":{"line":91,"column":4},"end":{"line":91,"column":46}},"33":{"start":{"line":92,"column":4},"end":{"line":92,"column":76}},"34":{"start":{"line":96,"column":0},"end":{"line":115,"column":2}},"35":{"start":{"line":97,"column":2},"end":{"line":114,"column":3}},"36":{"start":{"line":98,"column":68},"end":{"line":98,"column":76}},"37":{"start":{"line":100,"column":19},"end":{"line":104,"column":5}},"38":{"start":{"line":106,"column":4},"end":{"line":108,"column":5}},"39":{"start":{"line":107,"column":6},"end":{"line":107,"column":67}},"40":{"start":{"line":110,"column":4},"end":{"line":110,"column":21}},"41":{"start":{"line":112,"column":4},"end":{"line":112,"column":49}},"42":{"start":{"line":113,"column":4},"end":{"line":113,"column":76}},"43":{"start":{"line":117,"column":0},"end":{"line":133,"column":2}},"44":{"start":{"line":118,"column":2},"end":{"line":132,"column":3}},"45":{"start":{"line":119,"column":19},"end":{"line":122,"column":6}},"46":{"start":{"line":124,"column":4},"end":{"line":126,"column":5}},"47":{"start":{"line":125,"column":6},"end":{"line":125,"column":67}},"48":{"start":{"line":128,"column":4},"end":{"line":128,"column":57}},"49":{"start":{"line":130,"column":4},"end":{"line":130,"column":49}},"50":{"start":{"line":131,"column":4},"end":{"line":131,"column":76}}},"fnMap":{"0":{"name":"(anonymous_0)","decl":{"start":{"line":3,"column":23},"end":{"line":3,"column":24}},"loc":{"start":{"line":3,"column":43},"end":{"line":61,"column":1}},"line":3},"1":{"name":"(anonymous_1)","decl":{"start":{"line":42,"column":53},"end":{"line":42,"column":54}},"loc":{"start":{"line":42,"column":60},"end":{"line":42,"column":71}},"line":42},"2":{"name":"(anonymous_2)","decl":{"start":{"line":63,"column":24},"end":{"line":63,"column":25}},"loc":{"start":{"line":63,"column":44},"end":{"line":74,"column":1}},"line":63},"3":{"name":"(anonymous_3)","decl":{"start":{"line":78,"column":20},"end":{"line":78,"column":21}},"loc":{"start":{"line":78,"column":40},"end":{"line":94,"column":1}},"line":78},"4":{"name":"(anonymous_4)","decl":{"start":{"line":96,"column":23},"end":{"line":96,"column":24}},"loc":{"start":{"line":96,"column":43},"end":{"line":115,"column":1}},"line":96},"5":{"name":"(anonymous_5)","decl":{"start":{"line":117,"column":23},"end":{"line":117,"column":24}},"loc":{"start":{"line":117,"column":43},"end":{"line":133,"column":1}},"line":117}},"branchMap":{"0":{"loc":{"start":{"line":8,"column":4},"end":{"line":12,"column":5}},"type":"if","locations":[{"start":{"line":8,"column":4},"end":{"line":12,"column":5}},{"start":{},"end":{}}],"line":8},"1":{"loc":{"start":{"line":8,"column":8},"end":{"line":8,"column":34}},"type":"binary-expr","locations":[{"start":{"line":8,"column":8},"end":{"line":8,"column":19}},{"start":{"line":8,"column":23},"end":{"line":8,"column":34}}],"line":8},"2":{"loc":{"start":{"line":20,"column":4},"end":{"line":24,"column":5}},"type":"if","locations":[{"start":{"line":20,"column":4},"end":{"line":24,"column":5}},{"start":{},"end":{}}],"line":20},"3":{"loc":{"start":{"line":30,"column":20},"end":{"line":30,"column":37}},"type":"binary-expr","locations":[{"start":{"line":30,"column":20},"end":{"line":30,"column":32}},{"start":{"line":30,"column":36},"end":{"line":30,"column":37}}],"line":30},"4":{"loc":{"start":{"line":31,"column":21},"end":{"line":31,"column":39}},"type":"binary-expr","locations":[{"start":{"line":31,"column":21},"end":{"line":31,"column":34}},{"start":{"line":31,"column":38},"end":{"line":31,"column":39}}],"line":31},"5":{"loc":{"start":{"line":41,"column":4},"end":{"line":47,"column":5}},"type":"if","locations":[{"start":{"line":41,"column":4},"end":{"line":47,"column":5}},{"start":{},"end":{}}],"line":41},"6":{"loc":{"start":{"line":50,"column":4},"end":{"line":54,"column":5}},"type":"if","locations":[{"start":{"line":50,"column":4},"end":{"line":54,"column":5}},{"start":{},"end":{}}],"line":50},"7":{"loc":{"start":{"line":85,"column":4},"end":{"line":87,"column":5}},"type":"if","locations":[{"start":{"line":85,"column":4},"end":{"line":87,"column":5}},{"start":{},"end":{}}],"line":85},"8":{"loc":{"start":{"line":106,"column":4},"end":{"line":108,"column":5}},"type":"if","locations":[{"start":{"line":106,"column":4},"end":{"line":108,"column":5}},{"start":{},"end":{}}],"line":106},"9":{"loc":{"start":{"line":124,"column":4},"end":{"line":126,"column":5}},"type":"if","locations":[{"start":{"line":124,"column":4},"end":{"line":126,"column":5}},{"start":{},"end":{}}],"line":124}},"s":{"0":4,"1":4,"2":5,"3":5,"4":5,"5":1,"6":4,"7":4,"8":1,"9":3,"10":3,"11":3,"12":0,"13":0,"14":0,"15":0,"16":0,"17":0,"18":0,"19":0,"20":4,"21":1,"22":1,"23":1,"24":0,"25":0,"26":4,"27":0,"28":0,"29":0,"30":0,"31":0,"32":0,"33":0,"34":4,"35":0,"36":0,"37":0,"38":0,"39":0,"40":0,"41":0,"42":0,"43":4,"44":0,"45":0,"46":0,"47":0,"48":0,"49":0,"50":0},"f":{"0":5,"1":0,"2":1,"3":0,"4":0,"5":0},"b":{"0":[1,4],"1":[5,4],"2":[1,3],"3":[3,0],"4":[3,3],"5":[0,0],"6":[0,0],"7":[0,0],"8":[0,0],"9":[0,0]},"_coverageSchema":"1a1c01bbd47fc00a2c39e90264f33305004495a9","hash":"ddefc8a353bfbfbc486f09efd9d15fc3bf1ad03d"}
,"D:\\Education\\QA\\My Academia\\backend\\middlewares\\auth.js": {"path":"D:\\Education\\QA\\My Academia\\backend\\middlewares\\auth.js","statementMap":{"0":{"start":{"line":1,"column":12},"end":{"line":1,"column":35}},"1":{"start":{"line":2,"column":13},"end":{"line":2,"column":38}},"2":{"start":{"line":5,"column":13},"end":{"line":34,"column":1}},"3":{"start":{"line":6,"column":2},"end":{"line":33,"column":3}},"4":{"start":{"line":8,"column":18},"end":{"line":8,"column":69}},"5":{"start":{"line":10,"column":4},"end":{"line":12,"column":5}},"6":{"start":{"line":11,"column":6},"end":{"line":11,"column":84}},"7":{"start":{"line":15,"column":20},"end":{"line":19,"column":6}},"8":{"start":{"line":22,"column":17},"end":{"line":22,"column":49}},"9":{"start":{"line":23,"column":4},"end":{"line":25,"column":5}},"10":{"start":{"line":24,"column":6},"end":{"line":24,"column":69}},"11":{"start":{"line":28,"column":4},"end":{"line":28,"column":20}},"12":{"start":{"line":29,"column":4},"end":{"line":29,"column":11}},"13":{"start":{"line":31,"column":4},"end":{"line":31,"column":51}},"14":{"start":{"line":32,"column":4},"end":{"line":32,"column":60}},"15":{"start":{"line":36,"column":0},"end":{"line":36,"column":22}}},"fnMap":{"0":{"name":"(anonymous_0)","decl":{"start":{"line":5,"column":13},"end":{"line":5,"column":14}},"loc":{"start":{"line":5,"column":39},"end":{"line":34,"column":1}},"line":5}},"branchMap":{"0":{"loc":{"start":{"line":10,"column":4},"end":{"line":12,"column":5}},"type":"if","locations":[{"start":{"line":10,"column":4},"end":{"line":12,"column":5}},{"start":{},"end":{}}],"line":10},"1":{"loc":{"start":{"line":23,"column":4},"end":{"line":25,"column":5}},"type":"if","locations":[{"start":{"line":23,"column":4},"end":{"line":25,"column":5}},{"start":{},"end":{}}],"line":23}},"s":{"0":4,"1":4,"2":4,"3":8,"4":8,"5":8,"6":2,"7":6,"8":6,"9":6,"10":0,"11":6,"12":6,"13":0,"14":0,"15":4},"f":{"0":8},"b":{"0":[2,6],"1":[0,6]},"_coverageSchema":"1a1c01bbd47fc00a2c39e90264f33305004495a9","hash":"18921691ff8cb9fae8fcb594cb4c3a8d25c400d7"}
,"D:\\Education\\QA\\My Academia\\backend\\middlewares\\loginLimiter.js": {"path":"D:\\Education\\QA\\My Academia\\backend\\middlewares\\loginLimiter.js","statementMap":{"0":{"start":{"line":1,"column":18},"end":{"line":1,"column":47}},"1":{"start":{"line":4,"column":21},"end":{"line":12,"column":2}},"2":{"start":{"line":14,"column":0},"end":{"line":14,"column":30}}},"fnMap":{},"branchMap":{},"s":{"0":4,"1":4,"2":4},"f":{},"b":{},"_coverageSchema":"1a1c01bbd47fc00a2c39e90264f33305004495a9","hash":"32712564701e47ff6fda16ab217f47be264fdfc9"}
,"D:\\Education\\QA\\My Academia\\backend\\middlewares\\validation.js": {"path":"D:\\Education\\QA\\My Academia\\backend\\middlewares\\validation.js","statementMap":{"0":{"start":{"line":1,"column":35},"end":{"line":1,"column":63}},"1":{"start":{"line":4,"column":31},"end":{"line":13,"column":1}},"2":{"start":{"line":5,"column":17},"end":{"line":5,"column":38}},"3":{"start":{"line":6,"column":2},"end":{"line":11,"column":3}},"4":{"start":{"line":7,"column":4},"end":{"line":10,"column":7}},"5":{"start":{"line":12,"column":2},"end":{"line":12,"column":9}},"6":{"start":{"line":16,"column":29},"end":{"line":34,"column":1}},"7":{"start":{"line":37,"column":22},"end":{"line":46,"column":1}},"8":{"start":{"line":48,"column":0},"end":{"line":51,"column":2}}},"fnMap":{"0":{"name":"(anonymous_0)","decl":{"start":{"line":4,"column":31},"end":{"line":4,"column":32}},"loc":{"start":{"line":4,"column":51},"end":{"line":13,"column":1}},"line":4}},"branchMap":{"0":{"loc":{"start":{"line":6,"column":2},"end":{"line":11,"column":3}},"type":"if","locations":[{"start":{"line":6,"column":2},"end":{"line":11,"column":3}},{"start":{},"end":{}}],"line":6}},"s":{"0":4,"1":4,"2":9,"3":9,"4":2,"5":7,"6":4,"7":4,"8":4},"f":{"0":9},"b":{"0":[2,7]},"_coverageSchema":"1a1c01bbd47fc00a2c39e90264f33305004495a9","hash":"9f26dc1007aa30bbe994b2d02921005174bf599c"}
,"D:\\Education\\QA\\My Academia\\backend\\models\\Module.js": {"path":"D:\\Education\\QA\\My Academia\\backend\\models\\Module.js","statementMap":{"0":{"start":{"line":1,"column":17},"end":{"line":1,"column":36}},"1":{"start":{"line":3,"column":21},"end":{"line":37,"column":2}},"2":{"start":{"line":40,"column":0},"end":{"line":40,"column":65}},"3":{"start":{"line":43,"column":0},"end":{"line":46,"column":3}},"4":{"start":{"line":44,"column":2},"end":{"line":44,"column":40}},"5":{"start":{"line":44,"column":31},"end":{"line":44,"column":40}},"6":{"start":{"line":45,"column":2},"end":{"line":45,"column":68}},"7":{"start":{"line":48,"column":0},"end":{"line":48,"column":56}}},"fnMap":{"0":{"name":"(anonymous_0)","decl":{"start":{"line":43,"column":49},"end":{"line":43,"column":50}},"loc":{"start":{"line":43,"column":60},"end":{"line":46,"column":1}},"line":43}},"branchMap":{"0":{"loc":{"start":{"line":44,"column":2},"end":{"line":44,"column":40}},"type":"if","locations":[{"start":{"line":44,"column":2},"end":{"line":44,"column":40}},{"start":{},"end":{}}],"line":44}},"s":{"0":4,"1":4,"2":4,"3":4,"4":4,"5":0,"6":4,"7":4},"f":{"0":4},"b":{"0":[0,4]},"_coverageSchema":"1a1c01bbd47fc00a2c39e90264f33305004495a9","hash":"1da213a4686fcc779e8529ec8460305e16f3dd47"}
,"D:\\Education\\QA\\My Academia\\backend\\models\\User.js": {"path":"D:\\Education\\QA\\My Academia\\backend\\models\\User.js","statementMap":{"0":{"start":{"line":1,"column":17},"end":{"line":1,"column":36}},"1":{"start":{"line":2,"column":15},"end":{"line":2,"column":34}},"2":{"start":{"line":4,"column":19},"end":{"line":20,"column":2}},"3":{"start":{"line":23,"column":0},"end":{"line":28,"column":3}},"4":{"start":{"line":24,"column":2},"end":{"line":24,"column":50}},"5":{"start":{"line":24,"column":36},"end":{"line":24,"column":50}},"6":{"start":{"line":26,"column":2},"end":{"line":26,"column":55}},"7":{"start":{"line":27,"column":2},"end":{"line":27,"column":9}},"8":{"start":{"line":31,"column":0},"end":{"line":33,"column":2}},"9":{"start":{"line":32,"column":2},"end":{"line":32,"column":64}},"10":{"start":{"line":35,"column":0},"end":{"line":35,"column":52}}},"fnMap":{"0":{"name":"(anonymous_0)","decl":{"start":{"line":23,"column":23},"end":{"line":23,"column":24}},"loc":{"start":{"line":23,"column":44},"end":{"line":28,"column":1}},"line":23},"1":{"name":"(anonymous_1)","decl":{"start":{"line":31,"column":37},"end":{"line":31,"column":38}},"loc":{"start":{"line":31,"column":71},"end":{"line":33,"column":1}},"line":31}},"branchMap":{"0":{"loc":{"start":{"line":24,"column":2},"end":{"line":24,"column":50}},"type":"if","locations":[{"start":{"line":24,"column":2},"end":{"line":24,"column":50}},{"start":{},"end":{}}],"line":24}},"s":{"0":4,"1":4,"2":4,"3":4,"4":6,"5":0,"6":6,"7":6,"8":4,"9":1,"10":4},"f":{"0":6,"1":1},"b":{"0":[0,6]},"_coverageSchema":"1a1c01bbd47fc00a2c39e90264f33305004495a9","hash":"f799f679fb8d31061e26536c4b6e523544bcdcf2"}
,"D:\\Education\\QA\\My Academia\\backend\\routes\\authRoutes.js": {"path":"D:\\Education\\QA\\My Academia\\backend\\routes\\authRoutes.js","statementMap":{"0":{"start":{"line":1,"column":16},"end":{"line":1,"column":34}},"1":{"start":{"line":2,"column":15},"end":{"line":2,"column":31}},"2":{"start":{"line":4,"column":23},"end":{"line":4,"column":63}},"3":{"start":{"line":5,"column":13},"end":{"line":5,"column":43}},"4":{"start":{"line":6,"column":21},"end":{"line":6,"column":59}},"5":{"start":{"line":7,"column":48},"end":{"line":7,"column":84}},"6":{"start":{"line":10,"column":0},"end":{"line":10,"column":72}},"7":{"start":{"line":13,"column":0},"end":{"line":13,"column":59}},"8":{"start":{"line":16,"column":0},"end":{"line":16,"column":55}},"9":{"start":{"line":18,"column":0},"end":{"line":18,"column":24}}},"fnMap":{},"branchMap":{},"s":{"0":4,"1":4,"2":4,"3":4,"4":4,"5":4,"6":4,"7":4,"8":4,"9":4},"f":{},"b":{},"_coverageSchema":"1a1c01bbd47fc00a2c39e90264f33305004495a9","hash":"e96d672a1f677c30119967cda509133bf1bc28d5"}
,"D:\\Education\\QA\\My Academia\\backend\\routes\\moduleRoutes.js": {"path":"D:\\Education\\QA\\My Academia\\backend\\routes\\moduleRoutes.js","statementMap":{"0":{"start":{"line":2,"column":16},"end":{"line":2,"column":34}},"1":{"start":{"line":3,"column":15},"end":{"line":3,"column":31}},"2":{"start":{"line":4,"column":25},"end":{"line":4,"column":67}},"3":{"start":{"line":5,"column":13},"end":{"line":5,"column":43}},"4":{"start":{"line":8,"column":0},"end":{"line":8,"column":17}},"5":{"start":{"line":11,"column":0},"end":{"line":11,"column":48}},"6":{"start":{"line":12,"column":0},"end":{"line":12,"column":48}},"7":{"start":{"line":17,"column":0},"end":{"line":17,"column":24}}},"fnMap":{},"branchMap":{},"s":{"0":4,"1":4,"2":4,"3":4,"4":4,"5":4,"6":4,"7":4},"f":{},"b":{},"_coverageSchema":"1a1c01bbd47fc00a2c39e90264f33305004495a9","hash":"8eea207d6653ac25c405449d3de19e07cd1b6d15"}
}
