TN:
SF:server.js
FN:20,(anonymous_0)
FN:35,(anonymous_1)
FN:37,(anonymous_2)
FN:39,(anonymous_3)
FNF:4
FNH:0
FNDA:0,(anonymous_0)
FNDA:0,(anonymous_1)
FNDA:0,(anonymous_2)
FNDA:0,(anonymous_3)
DA:1,4
DA:2,4
DA:3,4
DA:4,4
DA:5,4
DA:6,4
DA:7,4
DA:9,4
DA:12,4
DA:13,4
DA:16,4
DA:17,4
DA:20,4
DA:21,0
DA:25,4
DA:28,4
DA:29,0
DA:31,0
DA:36,0
DA:37,0
DA:39,0
LF:21
LH:15
BRDA:5,0,0,4
BRDA:5,0,1,4
BRDA:6,1,0,4
BRDA:6,1,1,4
BRDA:28,2,0,0
BRDA:28,2,1,4
BRDA:29,3,0,0
BRDA:29,3,1,0
BRDA:31,4,0,0
BRDA:31,4,1,0
BRF:10
BRH:5
end_of_record
TN:
SF:controllers\authController.js
FN:5,(anonymous_0)
FN:45,(anonymous_1)
FN:87,(anonymous_2)
FNF:3
FNH:2
FNDA:5,(anonymous_0)
FNDA:2,(anonymous_1)
FNDA:0,(anonymous_2)
DA:1,4
DA:2,4
DA:5,4
DA:6,5
DA:8,5
DA:9,5
DA:10,5
DA:11,1
DA:14,4
DA:15,4
DA:18,4
DA:29,4
DA:39,0
DA:40,0
DA:45,4
DA:46,2
DA:48,2
DA:49,2
DA:50,2
DA:51,1
DA:54,1
DA:55,1
DA:56,0
DA:60,1
DA:71,1
DA:81,0
DA:82,0
DA:87,4
DA:88,0
DA:90,0
DA:98,0
DA:99,0
LF:32
LH:23
BRDA:10,0,0,1
BRDA:10,0,1,4
BRDA:50,1,0,1
BRDA:50,1,1,1
BRDA:55,2,0,0
BRDA:55,2,1,1
BRF:6
BRH:5
end_of_record
TN:
SF:controllers\moduleController.js
FN:3,(anonymous_0)
FN:42,(anonymous_1)
FN:63,(anonymous_2)
FN:78,(anonymous_3)
FN:96,(anonymous_4)
FN:117,(anonymous_5)
FNF:6
FNH:2
FNDA:5,(anonymous_0)
FNDA:0,(anonymous_1)
FNDA:1,(anonymous_2)
FNDA:0,(anonymous_3)
FNDA:0,(anonymous_4)
FNDA:0,(anonymous_5)
DA:1,4
DA:3,4
DA:4,5
DA:5,5
DA:8,5
DA:9,1
DA:15,4
DA:20,4
DA:21,1
DA:27,3
DA:35,3
DA:36,3
DA:38,0
DA:41,0
DA:42,0
DA:43,0
DA:50,0
DA:51,0
DA:56,0
DA:63,4
DA:64,1
DA:65,1
DA:66,1
DA:68,0
DA:69,0
DA:78,4
DA:79,0
DA:80,0
DA:85,0
DA:86,0
DA:89,0
DA:91,0
DA:92,0
DA:96,4
DA:97,0
DA:98,0
DA:100,0
DA:106,0
DA:107,0
DA:110,0
DA:112,0
DA:113,0
DA:117,4
DA:118,0
DA:119,0
DA:124,0
DA:125,0
DA:128,0
DA:130,0
DA:131,0
LF:50
LH:19
BRDA:8,0,0,1
BRDA:8,0,1,4
BRDA:8,1,0,5
BRDA:8,1,1,4
BRDA:20,2,0,1
BRDA:20,2,1,3
BRDA:30,3,0,3
BRDA:30,3,1,0
BRDA:31,4,0,3
BRDA:31,4,1,3
BRDA:41,5,0,0
BRDA:41,5,1,0
BRDA:50,6,0,0
BRDA:50,6,1,0
BRDA:85,7,0,0
BRDA:85,7,1,0
BRDA:106,8,0,0
BRDA:106,8,1,0
BRDA:124,9,0,0
BRDA:124,9,1,0
BRF:20
BRH:9
end_of_record
TN:
SF:middlewares\auth.js
FN:5,(anonymous_0)
FNF:1
FNH:1
FNDA:8,(anonymous_0)
DA:1,4
DA:2,4
DA:5,4
DA:6,8
DA:8,8
DA:10,8
DA:11,2
DA:15,6
DA:22,6
DA:23,6
DA:24,0
DA:28,6
DA:29,6
DA:31,0
DA:32,0
DA:36,4
LF:16
LH:13
BRDA:10,0,0,2
BRDA:10,0,1,6
BRDA:23,1,0,0
BRDA:23,1,1,6
BRF:4
BRH:3
end_of_record
TN:
SF:middlewares\loginLimiter.js
FNF:0
FNH:0
DA:1,4
DA:4,4
DA:14,4
LF:3
LH:3
BRF:0
BRH:0
end_of_record
TN:
SF:middlewares\validation.js
FN:4,(anonymous_0)
FNF:1
FNH:1
FNDA:9,(anonymous_0)
DA:1,4
DA:4,4
DA:5,9
DA:6,9
DA:7,2
DA:12,7
DA:16,4
DA:37,4
DA:48,4
LF:9
LH:9
BRDA:6,0,0,2
BRDA:6,0,1,7
BRF:2
BRH:2
end_of_record
TN:
SF:models\Module.js
FN:43,(anonymous_0)
FNF:1
FNH:1
FNDA:4,(anonymous_0)
DA:1,4
DA:3,4
DA:40,4
DA:43,4
DA:44,4
DA:45,4
DA:48,4
LF:7
LH:7
BRDA:44,0,0,0
BRDA:44,0,1,4
BRF:2
BRH:1
end_of_record
TN:
SF:models\User.js
FN:23,(anonymous_0)
FN:31,(anonymous_1)
FNF:2
FNH:2
FNDA:6,(anonymous_0)
FNDA:1,(anonymous_1)
DA:1,4
DA:2,4
DA:4,4
DA:23,4
DA:24,6
DA:26,6
DA:27,6
DA:31,4
DA:32,1
DA:35,4
LF:10
LH:10
BRDA:24,0,0,0
BRDA:24,0,1,6
BRF:2
BRH:1
end_of_record
TN:
SF:routes\authRoutes.js
FNF:0
FNH:0
DA:1,4
DA:2,4
DA:4,4
DA:5,4
DA:6,4
DA:7,4
DA:10,4
DA:13,4
DA:16,4
DA:18,4
LF:10
LH:10
BRF:0
BRH:0
end_of_record
TN:
SF:routes\moduleRoutes.js
FNF:0
FNH:0
DA:2,4
DA:3,4
DA:4,4
DA:5,4
DA:8,4
DA:11,4
DA:12,4
DA:17,4
LF:8
LH:8
BRF:0
BRH:0
end_of_record
